<?xml version="1.0" encoding="UTF-8"?>
<!-- Generated by org.testng.reporters.JUnitReportReporter -->
<testsuite skipped="0" hostname="HP" name="scripts.TestInvalidLogin" tests="1" failures="0" timestamp="30 Aug 2019 13:16:44 GMT" time="15.624" errors="0">
  <testcase name="testInvalidLogin" time="15.624" classname="scripts.TestInvalidLogin"/>
</testsuite> <!-- scripts.TestInvalidLogin -->
